[ 2016-10-01T00:26:48+08:00 ] ::1 /zhuzhuPay/index.php/Home/Balance/index.html
INFO: [ app_init ] --START--
INFO: Run Behavior\BuildLiteBehavior [ RunTime:0.000031s ]
INFO: [ app_init ] --END-- [ RunTime:0.001351s ]
INFO: [ app_begin ] --START--
INFO: Run Behavior\ReadHtmlCacheBehavior [ RunTime:0.001634s ]
INFO: [ app_begin ] --END-- [ RunTime:0.001784s ]
NOTIC: [8192] mysql_connect(): The mysql extension is deprecated and will be removed in the future: use mysqli or PDO instead D:\MyPHPWorks\zhuzhuPay\ThinkPHP\Library\Think\Db\Driver\Mysql.class.php 第 52 行.
SQL: SHOW COLUMNS FROM `tb_balance` [ RunTime:0.012932s ]
SQL: SELECT * FROM `tb_balance`  [ RunTime:0.000487s ]
SQL: SHOW COLUMNS FROM `tb_classification` [ RunTime:0.009851s ]
ERR: 1146:Table 'zhuzhupay.tb_classification' doesn't exist
 [ SQL语句 ] : SHOW COLUMNS FROM `tb_classification`
SQL: SELECT COUNT(*) AS tp_count FROM `tb_classification` LIMIT 1   [ RunTime:0.128423s ]
ERR: 1146:Table 'zhuzhupay.tb_classification' doesn't exist
 [ SQL语句 ] : SELECT COUNT(*) AS tp_count FROM `tb_classification` LIMIT 1  

[ 2016-10-01T00:28:33+08:00 ] ::1 /zhuzhuPay/index.php/Home/Balance/index.html
INFO: [ app_init ] --START--
INFO: Run Behavior\BuildLiteBehavior [ RunTime:0.000034s ]
INFO: [ app_init ] --END-- [ RunTime:0.004044s ]
INFO: [ app_begin ] --START--
INFO: Run Behavior\ReadHtmlCacheBehavior [ RunTime:0.001363s ]
INFO: [ app_begin ] --END-- [ RunTime:0.001489s ]
NOTIC: [8192] mysql_connect(): The mysql extension is deprecated and will be removed in the future: use mysqli or PDO instead D:\MyPHPWorks\zhuzhuPay\ThinkPHP\Library\Think\Db\Driver\Mysql.class.php 第 52 行.
SQL: SHOW COLUMNS FROM `tb_balance` [ RunTime:0.015899s ]
SQL: SELECT * FROM `tb_balance`  [ RunTime:0.000556s ]
SQL: SHOW COLUMNS FROM `tb_classification` [ RunTime:0.049069s ]
ERR: 1146:Table 'zhuzhupay.tb_classification' doesn't exist
 [ SQL语句 ] : SHOW COLUMNS FROM `tb_classification`
SQL: SELECT COUNT(*) AS tp_count FROM `tb_classification` LIMIT 1   [ RunTime:0.001066s ]
ERR: 1146:Table 'zhuzhupay.tb_classification' doesn't exist
 [ SQL语句 ] : SELECT COUNT(*) AS tp_count FROM `tb_classification` LIMIT 1  

[ 2016-10-01T00:28:44+08:00 ] ::1 /zhuzhuPay/index.php/Home/Balance/index.html
INFO: [ app_init ] --START--
INFO: Run Behavior\BuildLiteBehavior [ RunTime:0.000034s ]
INFO: [ app_init ] --END-- [ RunTime:0.005551s ]
INFO: [ app_begin ] --START--
INFO: Run Behavior\ReadHtmlCacheBehavior [ RunTime:0.001366s ]
INFO: [ app_begin ] --END-- [ RunTime:0.001488s ]
NOTIC: [8192] mysql_connect(): The mysql extension is deprecated and will be removed in the future: use mysqli or PDO instead D:\MyPHPWorks\zhuzhuPay\ThinkPHP\Library\Think\Db\Driver\Mysql.class.php 第 52 行.
SQL: SHOW COLUMNS FROM `tb_balance` [ RunTime:0.014060s ]
SQL: SELECT * FROM `tb_balance`  [ RunTime:0.000682s ]
SQL: SHOW COLUMNS FROM `tb_classification` [ RunTime:0.057466s ]
ERR: 1146:Table 'zhuzhupay.tb_classification' doesn't exist
 [ SQL语句 ] : SHOW COLUMNS FROM `tb_classification`
SQL: SELECT COUNT(*) AS tp_count FROM `tb_classification` LIMIT 1   [ RunTime:0.001099s ]
ERR: 1146:Table 'zhuzhupay.tb_classification' doesn't exist
 [ SQL语句 ] : SELECT COUNT(*) AS tp_count FROM `tb_classification` LIMIT 1  

[ 2016-10-01T00:29:56+08:00 ] ::1 /zhuzhuPay/index.php/Home/Balance/index.html
INFO: [ app_init ] --START--
INFO: Run Behavior\BuildLiteBehavior [ RunTime:0.000033s ]
INFO: [ app_init ] --END-- [ RunTime:0.003466s ]
INFO: [ app_begin ] --START--
INFO: Run Behavior\ReadHtmlCacheBehavior [ RunTime:0.001664s ]
INFO: [ app_begin ] --END-- [ RunTime:0.001833s ]
NOTIC: [8192] mysql_connect(): The mysql extension is deprecated and will be removed in the future: use mysqli or PDO instead D:\MyPHPWorks\zhuzhuPay\ThinkPHP\Library\Think\Db\Driver\Mysql.class.php 第 52 行.
SQL: SHOW COLUMNS FROM `tb_balance` [ RunTime:0.013617s ]
SQL: SELECT * FROM `tb_balance`  [ RunTime:0.000514s ]
SQL: SHOW COLUMNS FROM `tb_income_andcost` [ RunTime:0.055445s ]
ERR: 1146:Table 'zhuzhupay.tb_income_andcost' doesn't exist
 [ SQL语句 ] : SHOW COLUMNS FROM `tb_income_andcost`
SQL: SELECT COUNT(*) AS tp_count FROM `tb_income_andcost` LIMIT 1   [ RunTime:0.001031s ]
ERR: 1146:Table 'zhuzhupay.tb_income_andcost' doesn't exist
 [ SQL语句 ] : SELECT COUNT(*) AS tp_count FROM `tb_income_andcost` LIMIT 1  

[ 2016-10-01T00:30:18+08:00 ] ::1 /zhuzhuPay/index.php/Home/Balance/index.html
INFO: [ app_init ] --START--
INFO: Run Behavior\BuildLiteBehavior [ RunTime:0.000033s ]
INFO: [ app_init ] --END-- [ RunTime:0.004615s ]
INFO: [ app_begin ] --START--
INFO: Run Behavior\ReadHtmlCacheBehavior [ RunTime:0.001727s ]
INFO: [ app_begin ] --END-- [ RunTime:0.001861s ]
NOTIC: [8192] mysql_connect(): The mysql extension is deprecated and will be removed in the future: use mysqli or PDO instead D:\MyPHPWorks\zhuzhuPay\ThinkPHP\Library\Think\Db\Driver\Mysql.class.php 第 52 行.
SQL: SHOW COLUMNS FROM `tb_balance` [ RunTime:0.010203s ]
SQL: SELECT * FROM `tb_balance`  [ RunTime:0.004240s ]
SQL: SHOW COLUMNS FROM `tb_incomeandcost` [ RunTime:0.010378s ]
SQL: SELECT COUNT(*) AS tp_count FROM `tb_incomeandcost` LIMIT 1   [ RunTime:0.069369s ]

[ 2016-10-01T00:34:31+08:00 ] ::1 /zhuzhuPay/index.php/Home/Balance/index.html
INFO: [ app_init ] --START--
INFO: Run Behavior\BuildLiteBehavior [ RunTime:0.000033s ]
INFO: [ app_init ] --END-- [ RunTime:0.001390s ]
INFO: [ app_begin ] --START--
INFO: Run Behavior\ReadHtmlCacheBehavior [ RunTime:0.004843s ]
INFO: [ app_begin ] --END-- [ RunTime:0.004983s ]
NOTIC: [8192] mysql_connect(): The mysql extension is deprecated and will be removed in the future: use mysqli or PDO instead D:\MyPHPWorks\zhuzhuPay\ThinkPHP\Library\Think\Db\Driver\Mysql.class.php 第 52 行.
SQL: SHOW COLUMNS FROM `tb_balance` [ RunTime:0.017410s ]
SQL: SELECT * FROM `tb_balance`  [ RunTime:0.000649s ]
SQL: SHOW COLUMNS FROM `tb_incomeandcost` [ RunTime:0.061432s ]
SQL: SELECT COUNT(*) AS tp_count FROM `tb_incomeandcost` LIMIT 1   [ RunTime:0.000397s ]
INFO: [ view_parse ] --START--
INFO: [ template_filter ] --START--
INFO: Run Behavior\ContentReplaceBehavior [ RunTime:0.000214s ]
INFO: [ template_filter ] --END-- [ RunTime:0.000322s ]
INFO: Run Behavior\ParseTemplateBehavior [ RunTime:0.020102s ]
INFO: [ view_parse ] --END-- [ RunTime:0.020255s ]
INFO: [ view_filter ] --START--
INFO: Run Behavior\WriteHtmlCacheBehavior [ RunTime:0.001268s ]
INFO: [ view_filter ] --END-- [ RunTime:0.001388s ]
INFO: [ app_end ] --START--
INFO: Run Behavior\ShowPageTraceBehavior [ RunTime:0.002038s ]
INFO: [ app_end ] --END-- [ RunTime:0.002168s ]

[ 2016-10-01T00:36:14+08:00 ] ::1 /zhuzhuPay/index.php/Home/Balance/index.html
INFO: [ app_init ] --START--
INFO: Run Behavior\BuildLiteBehavior [ RunTime:0.000027s ]
INFO: [ app_init ] --END-- [ RunTime:0.001314s ]
INFO: [ app_begin ] --START--
INFO: Run Behavior\ReadHtmlCacheBehavior [ RunTime:0.003101s ]
INFO: [ app_begin ] --END-- [ RunTime:0.003223s ]
NOTIC: [8192] mysql_connect(): The mysql extension is deprecated and will be removed in the future: use mysqli or PDO instead D:\MyPHPWorks\zhuzhuPay\ThinkPHP\Library\Think\Db\Driver\Mysql.class.php 第 52 行.
SQL: SHOW COLUMNS FROM `tb_balance` [ RunTime:0.033370s ]
SQL: SELECT * FROM `tb_balance`  [ RunTime:0.000643s ]
SQL: SHOW COLUMNS FROM `tb_incomeandcost` [ RunTime:0.049870s ]
SQL: SELECT COUNT(*) AS tp_count FROM `tb_incomeandcost` LIMIT 1   [ RunTime:0.000527s ]
INFO: [ view_parse ] --START--
INFO: [ template_filter ] --START--
INFO: Run Behavior\ContentReplaceBehavior [ RunTime:0.000103s ]
INFO: [ template_filter ] --END-- [ RunTime:0.000253s ]
INFO: Run Behavior\ParseTemplateBehavior [ RunTime:0.022176s ]
INFO: [ view_parse ] --END-- [ RunTime:0.022311s ]
INFO: [ view_filter ] --START--
INFO: Run Behavior\WriteHtmlCacheBehavior [ RunTime:0.001185s ]
INFO: [ view_filter ] --END-- [ RunTime:0.001277s ]
INFO: [ app_end ] --START--
INFO: Run Behavior\ShowPageTraceBehavior [ RunTime:0.001609s ]
INFO: [ app_end ] --END-- [ RunTime:0.001705s ]

[ 2016-10-01T00:43:20+08:00 ] ::1 /zhuzhuPay/index.php/Home/Balance/index.html
INFO: [ app_init ] --START--
INFO: Run Behavior\BuildLiteBehavior [ RunTime:0.000032s ]
INFO: [ app_init ] --END-- [ RunTime:0.002738s ]
INFO: [ app_begin ] --START--
INFO: Run Behavior\ReadHtmlCacheBehavior [ RunTime:0.001531s ]
INFO: [ app_begin ] --END-- [ RunTime:0.001647s ]
NOTIC: [8192] mysql_connect(): The mysql extension is deprecated and will be removed in the future: use mysqli or PDO instead D:\MyPHPWorks\zhuzhuPay\ThinkPHP\Library\Think\Db\Driver\Mysql.class.php 第 52 行.
SQL: SHOW COLUMNS FROM `tb_balance` [ RunTime:0.013622s ]
SQL: SELECT * FROM `tb_balance`  [ RunTime:0.000537s ]
SQL: SHOW COLUMNS FROM `tb_incomeandcost` [ RunTime:0.122855s ]
SQL: SELECT COUNT(*) AS tp_count FROM `tb_incomeandcost` LIMIT 1   [ RunTime:0.001803s ]
INFO: [ view_parse ] --START--
INFO: [ template_filter ] --START--
INFO: Run Behavior\ContentReplaceBehavior [ RunTime:0.000095s ]
INFO: [ template_filter ] --END-- [ RunTime:0.000191s ]
INFO: Run Behavior\ParseTemplateBehavior [ RunTime:0.019294s ]
INFO: [ view_parse ] --END-- [ RunTime:0.019412s ]
INFO: [ view_filter ] --START--
INFO: Run Behavior\WriteHtmlCacheBehavior [ RunTime:0.001680s ]
INFO: [ view_filter ] --END-- [ RunTime:0.001774s ]
INFO: [ app_end ] --START--
INFO: Run Behavior\ShowPageTraceBehavior [ RunTime:0.001561s ]
INFO: [ app_end ] --END-- [ RunTime:0.001659s ]

[ 2016-10-01T23:26:05+08:00 ] ::1 /zhuzhuPay/index.php/Home/Index/index
INFO: [ app_init ] --START--
INFO: Run Behavior\BuildLiteBehavior [ RunTime:0.000149s ]
INFO: [ app_init ] --END-- [ RunTime:0.038037s ]
INFO: [ app_begin ] --START--
INFO: Run Behavior\ReadHtmlCacheBehavior [ RunTime:0.002712s ]
INFO: [ app_begin ] --END-- [ RunTime:0.002854s ]
INFO: [ view_parse ] --START--
INFO: [ template_filter ] --START--
INFO: Run Behavior\ContentReplaceBehavior [ RunTime:0.000107s ]
INFO: [ template_filter ] --END-- [ RunTime:0.000819s ]
INFO: Run Behavior\ParseTemplateBehavior [ RunTime:0.078195s ]
INFO: [ view_parse ] --END-- [ RunTime:0.078324s ]
INFO: [ view_filter ] --START--
INFO: Run Behavior\WriteHtmlCacheBehavior [ RunTime:0.029652s ]
INFO: [ view_filter ] --END-- [ RunTime:0.029791s ]
INFO: [ app_end ] --START--
INFO: Run Behavior\ShowPageTraceBehavior [ RunTime:0.003272s ]
INFO: [ app_end ] --END-- [ RunTime:0.003386s ]

