[ 2016-10-02T00:09:13+08:00 ] ::1 /zhuzhuPay/index.php/Home/Index/index
INFO: [ app_init ] --START--
INFO: Run Behavior\BuildLiteBehavior [ RunTime:0.000030s ]
INFO: [ app_init ] --END-- [ RunTime:0.001231s ]
INFO: [ app_begin ] --START--
INFO: Run Behavior\ReadHtmlCacheBehavior [ RunTime:0.001520s ]
INFO: [ app_begin ] --END-- [ RunTime:0.001640s ]
INFO: [ view_parse ] --START--
INFO: [ template_filter ] --START--
INFO: Run Behavior\ContentReplaceBehavior [ RunTime:0.001026s ]
INFO: [ template_filter ] --END-- [ RunTime:0.001153s ]
INFO: Run Behavior\ParseTemplateBehavior [ RunTime:0.046710s ]
INFO: [ view_parse ] --END-- [ RunTime:0.046834s ]
INFO: [ view_filter ] --START--
INFO: Run Behavior\WriteHtmlCacheBehavior [ RunTime:0.001182s ]
INFO: [ view_filter ] --END-- [ RunTime:0.001278s ]
INFO: [ app_end ] --START--
INFO: Run Behavior\ShowPageTraceBehavior [ RunTime:0.006097s ]
INFO: [ app_end ] --END-- [ RunTime:0.006240s ]

[ 2016-10-02T00:09:29+08:00 ] ::1 /zhuzhuPay/index.php/Home/Balance/index.html
INFO: [ app_init ] --START--
INFO: Run Behavior\BuildLiteBehavior [ RunTime:0.000030s ]
INFO: [ app_init ] --END-- [ RunTime:0.001171s ]
INFO: [ app_begin ] --START--
INFO: Run Behavior\ReadHtmlCacheBehavior [ RunTime:0.001328s ]
INFO: [ app_begin ] --END-- [ RunTime:0.001449s ]
NOTIC: [8192] mysql_connect(): The mysql extension is deprecated and will be removed in the future: use mysqli or PDO instead D:\MyPHPWorks\zhuzhuPay\ThinkPHP\Library\Think\Db\Driver\Mysql.class.php 第 52 行.
SQL: SHOW COLUMNS FROM `tb_balance` [ RunTime:0.079929s ]
SQL: SELECT * FROM `tb_balance`  [ RunTime:0.001138s ]
SQL: SHOW COLUMNS FROM `tb_incomeandcost` [ RunTime:0.047113s ]
SQL: SELECT COUNT(*) AS tp_count FROM `tb_incomeandcost` LIMIT 1   [ RunTime:0.001554s ]
INFO: [ view_parse ] --START--
INFO: [ template_filter ] --START--
INFO: Run Behavior\ContentReplaceBehavior [ RunTime:0.000101s ]
INFO: [ template_filter ] --END-- [ RunTime:0.000214s ]
INFO: Run Behavior\ParseTemplateBehavior [ RunTime:0.017401s ]
INFO: [ view_parse ] --END-- [ RunTime:0.017528s ]
INFO: [ view_filter ] --START--
INFO: Run Behavior\WriteHtmlCacheBehavior [ RunTime:0.000874s ]
INFO: [ view_filter ] --END-- [ RunTime:0.000956s ]
INFO: [ app_end ] --START--
INFO: Run Behavior\ShowPageTraceBehavior [ RunTime:0.002689s ]
INFO: [ app_end ] --END-- [ RunTime:0.002803s ]

[ 2016-10-02T00:10:16+08:00 ] ::1 /zhuzhuPay/index.php/Home/Balance/javascript(0);
INFO: [ app_init ] --START--
INFO: Run Behavior\BuildLiteBehavior [ RunTime:0.000038s ]
INFO: [ app_init ] --END-- [ RunTime:0.001298s ]
INFO: [ app_begin ] --START--
INFO: Run Behavior\ReadHtmlCacheBehavior [ RunTime:0.001532s ]
INFO: [ app_begin ] --END-- [ RunTime:0.001658s ]
ERR: 非法操作:javascript(0);

[ 2016-10-02T00:12:01+08:00 ] ::1 /zhuzhuPay/index.php/Home/Balance/index.html
INFO: [ app_init ] --START--
INFO: Run Behavior\BuildLiteBehavior [ RunTime:0.000028s ]
INFO: [ app_init ] --END-- [ RunTime:0.001158s ]
INFO: [ app_begin ] --START--
INFO: Run Behavior\ReadHtmlCacheBehavior [ RunTime:0.001667s ]
INFO: [ app_begin ] --END-- [ RunTime:0.001793s ]
NOTIC: [8192] mysql_connect(): The mysql extension is deprecated and will be removed in the future: use mysqli or PDO instead D:\MyPHPWorks\zhuzhuPay\ThinkPHP\Library\Think\Db\Driver\Mysql.class.php 第 52 行.
SQL: SHOW COLUMNS FROM `tb_balance` [ RunTime:0.017245s ]
SQL: SELECT * FROM `tb_balance`  [ RunTime:0.000651s ]
SQL: SHOW COLUMNS FROM `tb_incomeandcost` [ RunTime:0.134336s ]
SQL: SELECT COUNT(*) AS tp_count FROM `tb_incomeandcost` LIMIT 1   [ RunTime:0.000763s ]
INFO: [ view_parse ] --START--
INFO: [ template_filter ] --START--
INFO: Run Behavior\ContentReplaceBehavior [ RunTime:0.000100s ]
INFO: [ template_filter ] --END-- [ RunTime:0.000211s ]
INFO: Run Behavior\ParseTemplateBehavior [ RunTime:0.023904s ]
INFO: [ view_parse ] --END-- [ RunTime:0.024035s ]
INFO: [ view_filter ] --START--
INFO: Run Behavior\WriteHtmlCacheBehavior [ RunTime:0.001443s ]
INFO: [ view_filter ] --END-- [ RunTime:0.001545s ]
INFO: [ app_end ] --START--
INFO: Run Behavior\ShowPageTraceBehavior [ RunTime:0.001960s ]
INFO: [ app_end ] --END-- [ RunTime:0.002085s ]

